app/build/intermediates/manifest_merge_blame_file/debug/manifest-merger-blame-debug-report.txt
1<?xml version="1.0" encoding="utf-8"?>
2<!--
3 Copyright (C) 2007 The Android Open Source Project
4
5     Licensed under the Apache License, Version 2.0 (the "License");
6     you may not use this file except in compliance with the License.
7     You may obtain a copy of the License at
8
9          http://www.apache.org/licenses/LICENSE-2.0
10
11     Unless required by applicable law or agreed to in writing, software
12     distributed under the License is distributed on an "AS IS" BASIS,
13     WITHOUT WARRANTIES OR CONDITIONS OF ANY KIND, either express or implied.
14     See the License for the specific language governing permissions and
15     limitations under the License.
16-->
17<!--
18 Declare the contents of this Android application.  The namespace
19     attribute brings in the Android platform namespace, and the package
20     supplies a unique name for the application.  When writing your
21     own application, the package name must be changed from "com.example.*"
22     to come from a domain that you own or have control over.
23-->
24<manifest xmlns:android="http://schemas.android.com/apk/res/android"
25    package="com.example.android.notepad" >
26
27    <uses-sdk
28        android:minSdkVersion="11"
28-->src\main\AndroidManifest.xml
29        android:targetSdkVersion="11" />
29-->src\main\AndroidManifest.xml
30    <!-- 在SD卡中创建与删除文件权限 -->
31    <uses-permission android:name="android.permission.MOUNT_UNMOUNT_FILESYSTEMS" />
31-->src\main\AndroidManifest.xml:132:5-133:47
31-->src\main\AndroidManifest.xml:132:22-81
32    <!-- 向SD卡写入数据权限 -->
33    <uses-permission android:name="android.permission.WRITE_EXTERNAL_STORAGE" />
33-->src\main\AndroidManifest.xml:135:5-80
33-->src\main\AndroidManifest.xml:135:22-78
34
35    <application
35-->src\main\AndroidManifest.xml:26:5-130:19
36        android:debuggable="true"
37        android:icon="@drawable/app_notes"
37-->src\main\AndroidManifest.xml:26:18-52
38        android:label="@string/app_name"
38-->src\main\AndroidManifest.xml:27:9-41
39        android:testOnly="true" >
40        <provider
40-->src\main\AndroidManifest.xml:29:9-33:20
41            android:name="com.example.android.notepad.NotePadProvider"
41-->src\main\AndroidManifest.xml:29:19-49
42            android:authorities="com.google.provider.NotePad"
42-->src\main\AndroidManifest.xml:30:13-62
43            android:exported="false" >
43-->src\main\AndroidManifest.xml:31:13-37
44            <grant-uri-permission android:pathPattern=".*" />
44-->src\main\AndroidManifest.xml:32:13-62
44-->src\main\AndroidManifest.xml:32:35-59
45        </provider>
46
47        <activity
47-->src\main\AndroidManifest.xml:35:9-55:20
48            android:name="com.example.android.notepad.NotesList"
48-->src\main\AndroidManifest.xml:35:19-43
49            android:label="@string/title_notes_list"
49-->src\main\AndroidManifest.xml:37:13-53
50            android:theme="@android:style/Theme.Holo.Light" >
50-->src\main\AndroidManifest.xml:36:13-60
51            <intent-filter>
51-->src\main\AndroidManifest.xml:38:13-42:29
52                <action android:name="android.intent.action.MAIN" />
52-->src\main\AndroidManifest.xml:39:17-69
52-->src\main\AndroidManifest.xml:39:25-66
53
54                <category android:name="android.intent.category.LAUNCHER" />
54-->src\main\AndroidManifest.xml:41:17-77
54-->src\main\AndroidManifest.xml:41:27-74
55            </intent-filter>
56            <intent-filter>
56-->src\main\AndroidManifest.xml:43:13-49:29
57                <action android:name="android.intent.action.VIEW" />
57-->src\main\AndroidManifest.xml:44:17-69
57-->src\main\AndroidManifest.xml:44:25-66
58                <action android:name="android.intent.action.EDIT" />
58-->src\main\AndroidManifest.xml:45:17-69
58-->src\main\AndroidManifest.xml:45:25-66
59                <action android:name="android.intent.action.PICK" />
59-->src\main\AndroidManifest.xml:46:17-69
59-->src\main\AndroidManifest.xml:46:25-66
60
61                <category android:name="android.intent.category.DEFAULT" />
61-->src\main\AndroidManifest.xml:47:17-76
61-->src\main\AndroidManifest.xml:47:27-73
62
63                <data android:mimeType="vnd.android.cursor.dir/vnd.google.note" />
63-->src\main\AndroidManifest.xml:48:17-83
63-->src\main\AndroidManifest.xml:48:23-80
64            </intent-filter>
65            <intent-filter>
65-->src\main\AndroidManifest.xml:50:13-54:29
66                <action android:name="android.intent.action.GET_CONTENT" />
66-->src\main\AndroidManifest.xml:51:17-76
66-->src\main\AndroidManifest.xml:51:25-73
67
68                <category android:name="android.intent.category.DEFAULT" />
68-->src\main\AndroidManifest.xml:47:17-76
68-->src\main\AndroidManifest.xml:47:27-73
69
70                <data android:mimeType="vnd.android.cursor.item/vnd.google.note" />
70-->src\main\AndroidManifest.xml:48:17-83
70-->src\main\AndroidManifest.xml:48:23-80
71            </intent-filter>
72        </activity>
73        <activity
73-->src\main\AndroidManifest.xml:57:9-83:20
74            android:name="com.example.android.notepad.NoteEditor"
74-->src\main\AndroidManifest.xml:57:19-44
75            android:configChanges="keyboardHidden|orientation"
75-->src\main\AndroidManifest.xml:60:13-63
76            android:screenOrientation="sensor"
76-->src\main\AndroidManifest.xml:59:13-47
77            android:theme="@android:style/Theme.Holo.Light" >
77-->src\main\AndroidManifest.xml:58:13-60
78
79            <!--
80                 This filter says that we can view or edit the data of
81                 a single note
82            -->
83            <intent-filter android:label="@string/resolve_edit" >
83-->src\main\AndroidManifest.xml:64:13-70:29
83-->src\main\AndroidManifest.xml:64:28-64
84                <action android:name="android.intent.action.VIEW" />
84-->src\main\AndroidManifest.xml:44:17-69
84-->src\main\AndroidManifest.xml:44:25-66
85                <action android:name="android.intent.action.EDIT" />
85-->src\main\AndroidManifest.xml:45:17-69
85-->src\main\AndroidManifest.xml:45:25-66
86                <action android:name="com.android.notepad.action.EDIT_NOTE" />
86-->src\main\AndroidManifest.xml:67:17-79
86-->src\main\AndroidManifest.xml:67:25-76
87
88                <category android:name="android.intent.category.DEFAULT" />
88-->src\main\AndroidManifest.xml:47:17-76
88-->src\main\AndroidManifest.xml:47:27-73
89
90                <data android:mimeType="vnd.android.cursor.item/vnd.google.note" />
90-->src\main\AndroidManifest.xml:48:17-83
90-->src\main\AndroidManifest.xml:48:23-80
91            </intent-filter>
92
93            <!--
94                 This filter says that we can create a new note inside
95                 of a directory of notes.  The INSERT action creates an
96                 empty note; the PASTE action initializes a new note from
97                 the current contents of the clipboard.
98            -->
99            <intent-filter>
99-->src\main\AndroidManifest.xml:76:13-81:29
100                <action android:name="android.intent.action.INSERT" />
100-->src\main\AndroidManifest.xml:77:17-71
100-->src\main\AndroidManifest.xml:77:25-68
101                <action android:name="android.intent.action.PASTE" />
101-->src\main\AndroidManifest.xml:78:17-70
101-->src\main\AndroidManifest.xml:78:25-67
102
103                <category android:name="android.intent.category.DEFAULT" />
103-->src\main\AndroidManifest.xml:47:17-76
103-->src\main\AndroidManifest.xml:47:27-73
104
105                <data android:mimeType="vnd.android.cursor.dir/vnd.google.note" />
105-->src\main\AndroidManifest.xml:48:17-83
105-->src\main\AndroidManifest.xml:48:23-80
106            </intent-filter>
107        </activity>
108        <activity
108-->src\main\AndroidManifest.xml:85:9-110:20
109            android:name="com.example.android.notepad.TitleEditor"
109-->src\main\AndroidManifest.xml:85:19-45
110            android:icon="@drawable/ic_menu_edit"
110-->src\main\AndroidManifest.xml:87:13-50
111            android:label="@string/title_edit_title"
111-->src\main\AndroidManifest.xml:86:13-53
112            android:theme="@android:style/Theme.Holo.Dialog"
112-->src\main\AndroidManifest.xml:88:13-61
113            android:windowSoftInputMode="stateVisible" >
113-->src\main\AndroidManifest.xml:89:13-55
114
115            <!--
116                 This activity implements an alternative action that can be
117                 performed on notes: editing their title.  It can be used as
118                 a default operation if the user invokes this action, and is
119                 available as an alternative action for any note data.
120            -->
121            <intent-filter android:label="@string/resolve_title" >
121-->src\main\AndroidManifest.xml:94:13-109:29
121-->src\main\AndroidManifest.xml:94:28-65
122
123                <!--
124                     This is the action we perform.  It is a custom action we
125                     define for our application, not a generic VIEW or EDIT
126                     action since we are not a general note viewer/editor.
127                -->
128                <action android:name="com.android.notepad.action.EDIT_TITLE" />
128-->src\main\AndroidManifest.xml:98:17-80
128-->src\main\AndroidManifest.xml:98:25-77
129                <!-- DEFAULT: execute if being directly invoked. -->
130                <category android:name="android.intent.category.DEFAULT" />
130-->src\main\AndroidManifest.xml:47:17-76
130-->src\main\AndroidManifest.xml:47:27-73
131                <!--
132                     ALTERNATIVE: show as an alternative action when the user is
133                     working with this type of data.
134                -->
135                <category android:name="android.intent.category.ALTERNATIVE" />
135-->src\main\AndroidManifest.xml:103:17-80
135-->src\main\AndroidManifest.xml:103:27-77
136                <!--
137                     SELECTED_ALTERNATIVE: show as an alternative action the user
138                     can perform when selecting this type of data.
139                -->
140                <category android:name="android.intent.category.SELECTED_ALTERNATIVE" />
140-->src\main\AndroidManifest.xml:106:17-89
140-->src\main\AndroidManifest.xml:106:27-86
141                <!-- This is the data type we operate on. -->
142                <data android:mimeType="vnd.android.cursor.item/vnd.google.note" />
142-->src\main\AndroidManifest.xml:48:17-83
142-->src\main\AndroidManifest.xml:48:23-80
143            </intent-filter>
144        </activity>
145        <activity
145-->src\main\AndroidManifest.xml:112:9-118:20
146            android:name="com.example.android.notepad.NotesLiveFolder"
146-->src\main\AndroidManifest.xml:112:19-49
147            android:icon="@drawable/live_folder_notes"
147-->src\main\AndroidManifest.xml:113:13-55
148            android:label="@string/live_folder_name" >
148-->src\main\AndroidManifest.xml:112:50-90
149            <intent-filter>
149-->src\main\AndroidManifest.xml:114:13-117:29
150                <action android:name="android.intent.action.CREATE_LIVE_FOLDER" />
150-->src\main\AndroidManifest.xml:115:17-83
150-->src\main\AndroidManifest.xml:115:25-80
151
152                <category android:name="android.intent.category.DEFAULT" />
152-->src\main\AndroidManifest.xml:47:17-76
152-->src\main\AndroidManifest.xml:47:27-73
153            </intent-filter>
154        </activity>
155        <activity
155-->src\main\AndroidManifest.xml:120:9-84
156            android:name="com.example.android.notepad.NoteSearch"
156-->src\main\AndroidManifest.xml:120:19-45
157            android:label="@string/search_note" />
157-->src\main\AndroidManifest.xml:120:46-81
158
159        <!-- 换背景色 -->
160
161        <activity
161-->src\main\AndroidManifest.xml:124:9-128:20
162            android:name="com.example.android.notepad.OutputText"
162-->src\main\AndroidManifest.xml:124:19-44
163            android:label="@string/output_name"
163-->src\main\AndroidManifest.xml:125:13-48
164            android:theme="@android:style/Theme.Holo.Dialog"
164-->src\main\AndroidManifest.xml:126:13-61
165            android:windowSoftInputMode="stateVisible" >
165-->src\main\AndroidManifest.xml:127:13-55
166        </activity>
167    </application>
168
169</manifest>